20221114	19:42:53	50a3d28d-5be1-4e63-8c30-921fde115080	GET	/	undefined
20221114	19:42:53	232f9527-b8cc-4fc6-a80b-b7325fbff253	GET	/css/style.css	undefined
20221114	23:13:55	d6a665fc-b3c3-4b93-a940-2a0ce45bb338	GET	/	undefined
20221114	23:13:55	196e4818-f064-48ac-b6c1-1c9248456c3e	GET	/css/style.css	undefined
20221114	23:48:28	8a51648d-6b72-4476-a480-c5bb5dfbf848	GET	/	undefined
20221114	23:48:29	e4c9f188-08c3-4ef2-b981-be11ce0fc1ab	GET	/css/style.css	undefined
20221114	23:51:13	d917015e-4856-4153-93b0-96e2c71305a0	GET	/	undefined
20221114	23:51:13	86886747-af7c-408d-bbbd-d01cda80ba0d	GET	/css/style.css	undefined
20221114	23:51:19	26c3baf5-7315-4534-ada3-7f0df09bd508	GET	/index	undefined
20221114	23:51:19	4f3991e9-003d-4e70-9e74-6a95bc4a2158	GET	/css/style.css	undefined
20221114	23:51:26	4851e7d9-5e7b-4555-bc1f-dad84c1cecd8	GET	/inde	undefined
20221114	23:51:26	9f0efe4b-a4b3-4a9a-b609-bb672094a12f	GET	/css/style.css	undefined
20221114	23:52:00	8ebcd09a-4225-4fdf-a333-e59a86f16c32	GET	/index	undefined
20221114	23:52:00	bfe6b632-76a8-48d0-b00d-f85b48d3fd1f	GET	/css/style.css	undefined
20221114	23:52:06	cc95cbfe-c3d0-4575-86c9-d57d60c7da67	GET	/	undefined
20221114	23:52:06	e99eafcb-7484-43ec-b97f-2678f1f99c6b	GET	/css/style.css	undefined
20221114	23:52:14	e44f7187-6386-41e1-ba7b-5d563d46c454	GET	/css/style.css	undefined
20221114	23:52:15	b43c58a2-3c5f-45a1-a2be-1814124c840f	GET	/requestProvider.js.map	undefined
20221114	23:53:04	f7b221a3-4c22-45c5-9557-e50cb915b968	GET	/	undefined
20221114	23:53:55	34f52d57-9734-42f4-980f-313f8b06fc22	GET	/requestProvider.js.map	undefined
20221114	23:54:03	c334b6e3-2cae-48a6-95eb-1d6ffce4f979	GET	/	undefined
20221114	23:56:45	b55d9526-685c-42d4-9e11-7467f8c4bb32	GET	/	undefined
20221114	23:57:16	c194ce47-ad45-4c11-a267-b79c19d65e72	GET	/hbjg	undefined
20221114	23:57:16	16ce5074-8377-4ac6-a48e-bf0f8b278dfe	GET	/css/style.css	undefined
20221115	20:30:24	09436192-70cd-4a78-8111-97a73619d367	GET	/	undefined
20221115	20:30:24	7067fbb7-3963-4c62-9704-73ccbab0f014	GET	/css/style.css	undefined
20221115	20:30:25	85138e03-db41-43fa-bb80-149559e68577	GET	/favicon.ico	undefined
20221115	20:30:29	3f2778de-bb01-4cc1-bef6-4b8d9d808d8e	GET	/	undefined
20221115	20:30:29	5654826d-3c58-4a00-9d68-50d08e7d1766	GET	/css/style.css	undefined
20221115	20:30:36	7e904fea-f045-4cd0-9b39-cfa5c3e1293d	GET	/index	undefined
20221115	20:30:36	52450acd-f4e4-4651-a212-8168b96ecfe4	GET	/css/style.css	undefined
20221115	20:30:42	6e8ac2e8-a626-4dd1-9396-23cf996d83b9	GET	/index.html	undefined
20221115	20:30:42	6bae1d0b-7de4-4eed-8ff7-5a4cd4a88d42	GET	/css/style.css	undefined
20221115	20:30:48	c3faa6bc-61d7-48da-9781-78fb2a55796e	GET	/index.ht	undefined
20221115	20:30:48	ba8d440b-8bb2-47af-a932-200fa259cade	GET	/css/style.css	undefined
20221115	20:30:52	468d5a0d-d282-47c3-bc80-aa1c35cc5e99	GET	/index.html	undefined
20221115	20:30:52	e787657f-afd4-400c-947b-2dca5634a51a	GET	/css/style.css	undefined
20221115	20:30:55	024a0fa2-16fe-41b2-a363-87395a86fae6	GET	/index	undefined
20221115	20:30:55	6276de0a-1774-4364-a03c-3ddec03dab32	GET	/css/style.css	undefined
20221115	20:30:57	983a2da2-5a72-4b36-91f7-059f31100528	GET	/	undefined
20221115	20:30:57	114ff119-b644-4594-a908-1c78c0aedc3e	GET	/css/style.css	undefined
20221116	10:25:58	85a8941b-76c2-4e59-962d-a53f55c5294a	GET	/	undefined
20221116	10:25:59	fa9fb741-fa6f-457f-aa88-f62a99d75692	GET	/css/style.css	undefined
20221116	17:28:41	77dc86e2-6210-4438-a70f-cbae5c3bf8b8	GET	/css/style.css	undefined
20221117	18:51:56	c23f94d9-7202-4dba-a0a1-e8680cc35470	GET	/	undefined
20221117	18:51:56	e879c0f0-246c-489e-bbea-7d6e9e45d5d4	GET	/css/style.css	undefined
20221117	18:51:57	d6548e4f-8ecf-48c1-ad96-ca879493d8d4	GET	/favicon.ico	undefined
20221117	19:35:24	60ae80bc-d203-4fa9-88d6-5896cb2e487c	GET	/users	undefined
20221117	19:38:04	ff9da85d-ec10-4a16-a82a-e36f01ae0493	GET	/users	undefined
20221117	23:32:51	2990acaa-6eca-4452-85b4-71df82adaf51	GET	/users	undefined
20221117	23:34:39	418dfbe2-78fa-4cc6-92a4-48918e2f1c7e	POST	/users	undefined
20221117	23:34:56	c91e1ca0-0a0f-4540-97c7-e6d2cba59d40	POST	/users	undefined
20221117	23:35:03	546436bf-5225-4a2a-8b7b-abe104cf3605	GET	/css/style.css	undefined
20221117	23:38:24	02802874-4909-4b7d-ba89-23b12cd20eb5	POST	/users	undefined
20221117	23:39:08	97693a60-7ed4-4ffc-8459-00957cf0d2a4	POST	/users	undefined
20221117	23:39:38	93d4324b-795a-4429-a8ce-9fe6d6f1fb87	POST	/users	undefined
20221117	23:40:48	4232b0fb-e774-471c-859c-9df31f72b767	POST	/users	undefined
20221117	23:43:18	72ca0b1b-3af0-49ae-b6e5-f66c60a0de6b	DELETE	/users	undefined
20221117	23:44:21	7a36e86a-4399-433d-8c04-9f931f351786	PATCH	/users	undefined
20221117	23:44:49	34a76b3a-af64-4bb5-a540-54abb07ea1d7	PATCH	/users	undefined
20221118	23:53:53	2bf02516-e517-428f-a0c4-6b6580977579	GET	/users	undefined
20221118	23:55:51	e994d27e-eb90-4f30-87c3-b261b02b995f	GET	/users	undefined
20221118	23:56:03	04d62933-cca5-4402-af45-4a8e8a5d2785	GET	/patients	undefined
20221118	23:56:12	6898269d-abf9-4b49-8010-ab2fca7bf6fc	GET	/users	undefined
20221118	23:57:38	58bfe928-3f54-48cf-90e2-510ecc711eb9	POST	/users	undefined
20221118	23:58:12	497fee1d-c205-4cae-8ecf-f69d5407a372	POST	/users	undefined
20221118	23:58:38	7b20e5ac-10d3-40a5-8073-d6ac6b482fec	POST	/users	undefined
20221118	23:59:06	13aa9d32-57b3-4518-bf23-bd9ff40a57e5	GET	/users	undefined
20221118	23:59:33	5d22c8f2-584f-4a02-a3d3-556da000d440	GET	/users	undefined
20221118	23:59:39	8192ada7-8dab-40f6-a755-d9f2c225395f	POST	/users	undefined
20221119	00:00:44	630efe1a-5129-4fad-b410-3ca6233b4d2f	GET	/users	undefined
20221119	00:01:45	8a742c17-aaec-4401-a182-3afb89e8addb	GET	/users/	undefined
20221119	00:02:16	e84d3407-da9d-48aa-8525-24a7cf7e2661	GET	/patients	undefined
20221119	00:07:20	eaff9e6e-d9ee-45e6-a3ee-2f669ea68ad8	GET	/users	undefined
20221119	00:11:07	39253d24-a7b7-4fbb-8de7-bd838fb0d3eb	GET	/users	undefined
20221119	00:13:55	428cb622-416d-46fa-8f21-fd4e5b98c97c	GET	/	undefined
20221119	00:14:07	66292c80-d360-4a86-9c1d-3b5d518ed485	GET	/users	undefined
20221119	00:39:27	0c4c8a44-9a10-43fb-a3fa-2edbe65b9b97	POST	/users	undefined
20221119	00:39:32	446b7477-358a-4910-b236-5758372f58ec	GET	/users	undefined
20221119	00:41:37	2f0bd5b4-60bd-465e-9c0d-e87dba1698f6	GET	/users	undefined
20221119	00:45:00	154c35dd-72d8-40c6-98b2-6e6a1f4f6111	GET	/users	undefined
20221119	10:31:23	7ffb4344-7d6b-4e01-912d-fe65356a9cf8	GET	/users	undefined
20221119	10:31:36	8ad18463-2a49-4c4d-9637-a0b69ee8f666	GET	/patients	undefined
20221119	12:21:47	3b16233d-47b4-4658-8199-84a8ac4dca46	GET	/patients	undefined
20221119	12:24:23	0cf525da-56f4-4be7-83c2-1961a160d086	GET	/patients	undefined
20221119	12:31:05	07498c8e-6826-4cca-baf6-605656723b37	GET	/users	undefined
20221119	12:31:43	bd67143b-4972-47e4-8843-a35980132a0a	POST	/patients	undefined
20221119	12:32:32	6d2e2010-2b14-4f78-9807-b324b0092b55	POST	/patients	undefined
20221119	12:33:07	711f8a6a-4c4a-4b91-8a9f-ed5cca088861	POST	/patients	undefined
20221119	12:33:26	51461c6e-d4ba-4388-ba7f-b871e6f010d8	POST	/patients	undefined
20221119	12:34:10	dd0ce64c-aa2a-4f53-98b0-ae2a68680060	POST	/patients	undefined
20221119	12:35:27	8761e618-d155-420b-aba0-9777e5f1c95a	POST	/patients	undefined
20221119	12:35:40	76fa64cd-0d23-4267-bb08-af2f382c355d	POST	/patients	undefined
20221119	12:41:27	438d9692-ec35-4ada-90b6-853995396579	POST	/patients	undefined
20221119	12:41:43	0cec84a8-7017-4980-90f5-68b1e8168fd4	POST	/patients	undefined
20221119	12:41:54	899e915a-a963-4b1c-a4b8-74eea923cf21	POST	/patients	undefined
20221119	12:44:15	050eeae8-d6c5-496c-863d-2f519d3f7e88	POST	/patients	undefined
20221119	12:44:28	9e769844-8c87-48e8-85c5-a13d63156e72	GET	/	undefined
20221119	12:44:28	fba7f08f-a319-4f2c-bc58-6b788589d8aa	GET	/css/style.css	undefined
20221119	12:44:29	2780ffd2-4037-40da-acde-ab118f74f011	GET	/favicon.ico	undefined
20221119	12:44:32	cd66332f-e3c7-4cb4-bc73-97ec985d94aa	GET	/css/style.css	undefined
20221119	12:44:32	f28f54f9-16fb-4f56-8804-b98c6d04bb20	GET	/requestProvider.js.map	undefined
20221119	12:44:45	a6f91ea4-eb12-4614-964a-ddfc6594a4c0	POST	/patients	undefined
20221119	12:47:22	6bac921d-bb0d-4f6d-8c21-92a8088fc0e3	POST	/patients	undefined
20221119	12:48:00	498204b5-6f93-46f8-8259-df7fa75166ac	POST	/patients	undefined
20221119	12:48:38	b44d05c9-05f3-4f86-bb0f-3e79be4e4ca9	POST	/patients	undefined
20221119	12:49:17	db4ed7b6-dae9-4c1e-85bd-25aaf91b6cd3	POST	/patients	undefined
20221119	12:59:23	8f0ad82c-e744-424f-aab3-ab5123c8196e	POST	/patients	undefined
20221119	12:59:36	5d537d93-31ed-49af-aae4-68af36fca824	GET	/uploads/function	undefined
20221119	12:59:36	2e946892-3c78-4baa-b4a5-23a0946beafb	GET	/uploads/css/style.css	undefined
20221119	13:03:27	ddb2a736-3d01-4f03-a767-47f5c23310c3	POST	/patients	undefined
20221119	13:04:20	08c22e6a-c778-4259-961e-667a1e0987a1	POST	/patients	undefined
20221119	13:07:34	2de5184a-9bfd-43f1-94e4-292ecdc8d6cb	POST	/patients	undefined
20221119	13:07:50	9016dd42-0b44-4eb8-b05a-2898736b5d58	POST	/patients	undefined
20221119	13:08:36	66ce4b6c-e8df-4391-b2e9-129ba282c43c	POST	/patients	undefined
20221119	13:13:01	9b6ccfad-63f4-4f0c-887f-c3a6a766e100	POST	/patients	undefined
20221119	13:16:04	9f25585c-24ed-4dbd-be71-ae692a7bc954	POST	/patients	undefined
20221119	13:16:12	ac5474bb-a248-4233-a866-d41bb4fa8f77	POST	/patients	undefined
20221119	13:16:23	e35647c4-24bb-4f46-804c-56bad225b97f	POST	/patients	undefined
20221121	01:39:48	3c83dcab-e3ca-484d-91cb-4946664e5b1c	GET	/patients	undefined
20221121	01:39:56	62bbc376-6958-40c4-94c3-01b2f07f76d7	GET	/users	undefined
20221121	01:40:51	af3365ea-d5cd-41e7-b11a-e6fee99b2103	GET	/users	undefined
20221121	01:42:09	68078ad1-2637-47fe-a80e-90c2e146c70a	POST	/users	undefined
20221121	01:42:46	e07d5346-c276-4fd0-8c51-45b793880905	GET	/users	undefined
20221121	01:44:13	7db9e1b8-f881-4350-adc3-d7cdb1b9919f	GET	/users	undefined
20221121	01:46:29	c82a5224-8b3e-4410-8678-2bd734a63693	PATCH	/users	undefined
20221121	01:47:16	8927a6c3-d903-4ccd-8c6f-30f58eea7625	PATCH	/users	undefined
20221121	01:48:52	2fefb936-8aed-4c56-992e-97380daddc8a	PATCH	/users	undefined
20221121	01:49:09	9704eb9d-0449-440e-86d1-f46f4d749595	GET	/users	undefined
20221121	01:49:49	c329c694-cc47-4eea-8d07-564f639c1f3a	DELETE	/users	undefined
20221121	01:49:58	f779cada-d776-42e5-b35c-151586efbea3	GET	/users	undefined
20221121	01:50:40	4c4f7e40-6f97-4f35-a80e-4d23580187f0	GET	/patients	undefined
20221121	02:00:11	408d4e45-6a36-4fd1-afbb-c602e440a0c2	GET	/users	undefined
20221121	02:06:26	96a33c15-e195-445e-945b-b22bc19b4510	POST	/patients	undefined
20221121	02:08:15	56e1b573-1b83-49f5-88c1-57d2b09c5754	POST	/patients	undefined
20221121	02:08:41	32b7129d-7fbf-4f41-bd1c-cf55c9ddd3f4	POST	/patients	undefined
20221121	02:19:20	997e7e5b-c7be-4138-a777-9cb1fd32737b	POST	/patients	undefined
20221121	02:20:58	46ad9c7c-01a0-48b8-9550-ced28842b3b0	POST	/patients	undefined
20221121	02:21:41	24ec7063-b393-446d-b935-70fc13664851	GET	/patients	undefined
20221121	02:24:55	6baac5ad-1973-4d29-a77d-1cfabdc4010e	GET	/patients	undefined
20221121	02:27:55	480866a5-307a-4975-8528-0ce617381198	GET	/users	undefined
20221121	02:28:14	33b3b42d-ea69-4828-a9d4-3d61945b3c4a	POST	/patients	undefined
20221121	02:28:32	7fd85bc0-a0a5-4c17-848b-53ea688fb5ed	GET	/patients	undefined
20221121	02:31:33	e8249fac-6207-4871-96ef-7b2845c66c17	PATCH	/patients	undefined
20221121	02:33:08	99df4431-dc1f-4686-8a4a-1420c6813781	GET	/patients	undefined
20221121	02:34:45	cf153574-fbb0-4b11-9e6f-2443bef30c45	PATCH	/patients	undefined
20221121	02:35:51	ef18c51d-209e-4851-a1ea-dfbe667001fc	PATCH	/patients	undefined
20221121	02:36:37	8b80d16a-8ddd-48e8-a73e-cc7e190d3dbe	GET	/patients	undefined
20221121	02:37:24	0ef1ac72-8e0b-49aa-a33b-6ee36e404f96	PATCH	/patients	undefined
20221121	02:38:47	f54aa2dd-9a6b-449a-9708-6187f8976b3e	GET	/patients	undefined
20221121	02:40:54	0663296c-a576-450c-a707-c8a0a882dffe	GET	/users	undefined
20221121	02:42:29	36725412-eea6-45f5-a217-f2ae370079fc	POST	/patients	undefined
20221121	02:42:35	51cd8a26-8b20-4eb1-926f-86b5f4b9cc37	POST	/patients	undefined
20221121	02:42:58	f79681f4-907b-4e77-b806-86a8d4ef0ce9	POST	/patients	undefined
20221121	02:44:10	78934bf5-336c-4797-b817-75af99753497	POST	/patients	undefined
20221121	02:44:22	59ecab14-a681-4f1d-b369-6c9847add7c2	POST	/patients	undefined
20221121	02:45:05	f40f9303-5a2b-4a0e-aa3b-91218dca33c1	POST	/patients	undefined
20221121	02:47:13	b9af7d72-992a-44f6-9a6d-ea8acd74d4c3	GET	/patients	undefined
20221121	02:47:47	8837d3ee-554f-4339-bea8-7b60d1c2a600	POST	/patients	undefined
20221121	02:48:43	101bd89a-de0d-408a-ac61-959e94435fce	POST	/patients	undefined
20221121	02:50:23	5c556af7-c1a6-4500-b069-f1dca5697dba	POST	/patients	undefined
20221121	02:52:07	6ee41f27-c0af-4446-9ccb-51163d21d82e	POST	/patients	undefined
20221121	11:47:48	ea996abc-7e6c-478c-8753-ae3a64975dfc	GET	/patients	undefined
20221121	11:53:16	3610d116-5117-4a2c-b088-496b050e922a	GET	/patients	undefined
20221121	11:53:22	68ce78e3-7f04-4b29-8c7f-3f2a770e1566	GET	/users	undefined
20221121	11:53:39	37157fc5-9404-44dc-9b3e-f8086cade2f2	POST	/patients	undefined
20221121	11:53:47	996c9885-df0a-40af-96c0-bb902bd4c9cc	GET	/patients	undefined
20221121	11:56:20	27129a2d-5953-4a9c-872f-3977804a5b09	POST	/patients	undefined
20221121	11:57:20	632859d5-d6e8-4efe-b505-12d93dd91384	POST	/patients	undefined
20221121	11:57:25	b28cd735-2748-42d9-b713-f574e98d4fcd	GET	/patients	undefined
20221121	11:58:23	cec34634-4d65-4781-92df-ce18bed1c855	POST	/patients	undefined
20221121	12:04:12	c2c2ff91-b1fe-4787-afc1-3d658767bc71	GET	/patients	undefined
20221121	12:05:12	46f7bcc6-edf8-4645-96b4-42bb1a3606a0	GET	/patients	undefined
20221121	12:05:19	6c367cb4-9bfa-467e-a1df-8d3252f2dcb0	POST	/patients	undefined
20221121	12:05:53	a066da01-3377-4636-8431-efd024771edf	POST	/patients	undefined
20221121	12:19:49	d69c7528-1df0-428a-9cb7-162ab3766943	POST	/patients	undefined
20221121	12:20:32	c8df04e1-cfe0-499e-a161-63f24fe44343	GET	/patients	undefined
20221121	12:21:04	8f77eb86-f8bb-49db-993b-912d8b5b4377	POST	/patients	undefined
20221121	12:25:10	796fa726-e402-42b8-bf60-070d6251ccee	POST	/patients	undefined
20221121	12:29:57	684fe1e0-e503-4bbb-bdb1-7ec2a4e9baa0	POST	/patients	undefined
20221121	12:37:32	12a610b8-0a2f-4ac6-9f0d-97ccc7bee3f5	POST	/patients	undefined
20221121	12:37:42	3b7683e9-65dd-4fc5-b6e4-100344596a93	GET	/patients	undefined
20221121	12:38:40	233b71e9-de37-4bd7-9e39-b035f688314f	GET	/users	undefined
20221121	12:38:59	3dad8f4f-0cd5-4bf3-8773-c6f2261e8597	POST	/patients	undefined
20221121	12:39:07	0c8e7dd0-b428-4281-ad51-0d256570988e	POST	/patients	undefined
20221121	12:40:27	0a6db078-830b-4620-a1fd-745b531950de	POST	/patients	undefined
20221121	12:40:41	9deb8722-57f4-4bf4-a6d7-9ddc1a74dbd2	GET	/patients	undefined
20221121	12:42:40	d352fdd8-36b7-4250-ab4e-20be8c4aa8d2	POST	/patients	undefined
20221121	12:43:31	4231a104-7395-41dd-b8b2-dc80e5461536	POST	/patients	undefined
20221121	12:44:30	2665781d-7ddc-450b-a2c4-e667c048e8b8	GET	/patients	undefined
20221121	12:50:32	45e8f232-2a10-4767-bb6b-1111deff4870	POST	/patients	undefined
20221121	12:56:26	7e053769-8dde-406b-b0c7-5063e684b3a5	PATCH	/patients	undefined
20221121	12:56:38	9e53782c-9fe7-4216-bb71-2f046fa12d04	GET	/patients	undefined
20221121	13:03:06	9acdd369-a384-4c52-92eb-20427ed96348	PATCH	/patients	undefined
20221121	13:03:13	3e1f1c0d-5b7a-4fd1-8723-45833c2f249b	GET	/patients	undefined
20221121	13:05:49	b5553e4b-07fb-4bc8-b0d8-e2a73534be01	POST	/patients	undefined
20221121	13:06:00	f50649e5-1274-4624-9032-6aee7db3cbc5	GET	/patients	undefined
20221121	13:20:16	4666cbd6-c68d-4a2d-853a-7be2ab8ea967	DELETE	/patients	undefined
20221121	13:20:23	d80e0e9f-4fcb-4f99-8af3-f7c7add4ffef	GET	/patients	undefined
